d:\documents\code\c++\nspipelinegui\nspipelinepoc\builds\visualstudio2022\x64\debug\app\nspipelinepoc.pdb
d:\documents\code\c++\nspipelinegui\nspipelinepoc\builds\visualstudio2022\x64\debug\app\include_juce_gui_basics.obj
d:\documents\code\c++\nspipelinegui\nspipelinepoc\builds\visualstudio2022\x64\debug\app\include_juce_events.obj
d:\documents\code\c++\nspipelinegui\nspipelinepoc\builds\visualstudio2022\x64\debug\app\maincomponent.obj
d:\documents\code\c++\nspipelinegui\nspipelinepoc\builds\visualstudio2022\x64\debug\app\main.obj
d:\documents\code\c++\nspipelinegui\nspipelinepoc\builds\visualstudio2022\x64\debug\app\include_juce_graphics.obj
d:\documents\code\c++\nspipelinegui\nspipelinepoc\builds\visualstudio2022\x64\debug\app\include_juce_core.obj
d:\documents\code\c++\nspipelinegui\nspipelinepoc\builds\visualstudio2022\x64\debug\app\include_juce_opengl.obj
d:\documents\code\c++\nspipelinegui\nspipelinepoc\builds\visualstudio2022\x64\debug\app\include_juce_gui_extra.obj
d:\documents\code\c++\nspipelinegui\nspipelinepoc\builds\visualstudio2022\x64\debug\app\include_juce_data_structures.obj
d:\documents\code\c++\nspipelinegui\nspipelinepoc\builds\visualstudio2022\x64\debug\app\controller.obj
d:\documents\code\c++\nspipelinegui\nspipelinepoc\builds\visualstudio2022\x64\debug\app\nspipelinepoc.ilk
d:\documents\code\c++\nspipelinegui\nspipelinepoc\builds\visualstudio2022\x64\debug\app\nspipelinepoc.exe
d:\documents\code\c++\nspipelinegui\nspipelinepoc\builds\visualstudio2022\x64\debug\app\resources.res
d:\documents\code\c++\nspipelinegui\nspipelinepoc\builds\visualstudio2022\x64\debug\app\nspipeli.82546d8a.tlog\cl.command.1.tlog
d:\documents\code\c++\nspipelinegui\nspipelinepoc\builds\visualstudio2022\x64\debug\app\nspipeli.82546d8a.tlog\cl.read.1.tlog
d:\documents\code\c++\nspipelinegui\nspipelinepoc\builds\visualstudio2022\x64\debug\app\nspipeli.82546d8a.tlog\cl.write.1.tlog
d:\documents\code\c++\nspipelinegui\nspipelinepoc\builds\visualstudio2022\x64\debug\app\nspipeli.82546d8a.tlog\link.command.1.tlog
d:\documents\code\c++\nspipelinegui\nspipelinepoc\builds\visualstudio2022\x64\debug\app\nspipeli.82546d8a.tlog\link.read.1.tlog
d:\documents\code\c++\nspipelinegui\nspipelinepoc\builds\visualstudio2022\x64\debug\app\nspipeli.82546d8a.tlog\link.write.1.tlog
d:\documents\code\c++\nspipelinegui\nspipelinepoc\builds\visualstudio2022\x64\debug\app\nspipeli.82546d8a.tlog\rc.command.1.tlog
d:\documents\code\c++\nspipelinegui\nspipelinepoc\builds\visualstudio2022\x64\debug\app\nspipeli.82546d8a.tlog\rc.read.1.tlog
d:\documents\code\c++\nspipelinegui\nspipelinepoc\builds\visualstudio2022\x64\debug\app\nspipeli.82546d8a.tlog\rc.write.1.tlog
